# JRE version: Java(TM) SE Runtime Environment (19.0.1+10) (build 19.0.1+10-21)
# Java VM: Java HotSpot(TM) 64-Bit Server VM (19.0.1+10-21, mixed mode, sharing, tiered, compressed oops, compressed class ptrs, g1 gc, windows-amd64)
GC Precious Log:
 CardTable entry size: 512
 Card Set container configuration: InlinePtr #cards 4 size 8 Array Of Cards #cards 32 size 80 Howl #buckets 8 coarsen threshold 7372 Howl Bitmap #cards 1024 size 144 coarsen threshold 921 Card regions per heap region 1 cards per card region 8192
 CPUs: 12 total, 12 available
 Memory: 5989M
 Large Page Support: Disabled
 NUMA Support: Disabled
 Compressed Oops: Enabled (Zero based)
 Heap Region Size: 4M
 Heap Min Capacity: 8M
 Heap Initial Capacity: 96M
 Heap Max Capacity: 8G
 Pre-touch: Disabled
 Parallel Workers: 10
 Concurrent Workers: 3
 Concurrent Refinement Workers: 10
 Periodic GC: Disabled
Heap:
 garbage-first heap   total 159744K, used 98786K [0x0000000600000000, 0x0000000800000000)
  region size 4096K, 6 young (24576K), 2 survivors (8192K)
 Metaspace       used 83837K, committed 86208K, reserved 1179648K
  class space    used 11614K, committed 12864K, reserved 1048576K
GC Heap History (20 events):
Event: 22.849 GC heap before
{Heap before GC invocations=19 (full 0):
 garbage-first heap   total 155648K, used 120905K [0x0000000600000000, 0x0000000800000000)
  region size 4096K, 18 young (73728K), 3 survivors (12288K)
 Metaspace       used 65171K, committed 67200K, reserved 1114112K
  class space    used 9065K, committed 10176K, reserved 1048576K
}
Event: 22.858 GC heap after
{Heap after GC invocations=20 (full 0):
 garbage-first heap   total 155648K, used 62459K [0x0000000600000000, 0x0000000800000000)
  region size 4096K, 3 young (12288K), 3 survivors (12288K)
 Metaspace       used 65171K, committed 67200K, reserved 1114112K
  class space    used 9065K, committed 10176K, reserved 1048576K
}
Event: 23.000 GC heap before
{Heap before GC invocations=20 (full 0):
 garbage-first heap   total 155648K, used 66555K [0x0000000600000000, 0x0000000800000000)
  region size 4096K, 4 young (16384K), 3 survivors (12288K)
 Metaspace       used 65432K, committed 67456K, reserved 1114112K
  class space    used 9101K, committed 10176K, reserved 1048576K
}
Event: 23.010 GC heap after
{Heap after GC invocations=21 (full 0):
 garbage-first heap   total 155648K, used 61114K [0x0000000600000000, 0x0000000800000000)
  region size 4096K, 1 young (4096K), 1 survivors (4096K)
 Metaspace       used 65432K, committed 67456K, reserved 1114112K
  class space    used 9101K, committed 10176K, reserved 1048576K
}
Event: 27.606 GC heap before
{Heap before GC invocations=21 (full 0):
 garbage-first heap   total 155648K, used 122554K [0x0000000600000000, 0x0000000800000000)
  region size 4096K, 16 young (65536K), 1 survivors (4096K)
 Metaspace       used 69316K, committed 71424K, reserved 1114112K
  class space    used 9629K, committed 10752K, reserved 1048576K
}
Event: 27.612 GC heap after
{Heap after GC invocations=22 (full 0):
 garbage-first heap   total 155648K, used 67701K [0x0000000600000000, 0x0000000800000000)
  region size 4096K, 2 young (8192K), 2 survivors (8192K)
 Metaspace       used 69316K, committed 71424K, reserved 1114112K
  class space    used 9629K, committed 10752K, reserved 1048576K
}
Event: 42.765 GC heap before
{Heap before GC invocations=22 (full 0):
 garbage-first heap   total 155648K, used 120949K [0x0000000600000000, 0x0000000800000000)
  region size 4096K, 15 young (61440K), 2 survivors (8192K)
 Metaspace       used 72444K, committed 74560K, reserved 1114112K
  class space    used 10051K, committed 11200K, reserved 1048576K
}
Event: 42.774 GC heap after
{Heap after GC invocations=23 (full 0):
 garbage-first heap   total 155648K, used 71104K [0x0000000600000000, 0x0000000800000000)
  region size 4096K, 2 young (8192K), 2 survivors (8192K)
 Metaspace       used 72444K, committed 74560K, reserved 1114112K
  class space    used 10051K, committed 11200K, reserved 1048576K
}
Event: 50.036 GC heap before
{Heap before GC invocations=23 (full 0):
 garbage-first heap   total 155648K, used 124352K [0x0000000600000000, 0x0000000800000000)
  region size 4096K, 15 young (61440K), 2 survivors (8192K)
 Metaspace       used 75640K, committed 77824K, reserved 1179648K
  class space    used 10579K, committed 11712K, reserved 1048576K
}
Event: 50.047 GC heap after
{Heap after GC invocations=24 (full 0):
 garbage-first heap   total 155648K, used 75241K [0x0000000600000000, 0x0000000800000000)
  region size 4096K, 2 young (8192K), 2 survivors (8192K)
 Metaspace       used 75640K, committed 77824K, reserved 1179648K
  class space    used 10579K, committed 11712K, reserved 1048576K
}
Event: 52.125 GC heap before
{Heap before GC invocations=24 (full 0):
 garbage-first heap   total 155648K, used 120297K [0x0000000600000000, 0x0000000800000000)
  region size 4096K, 14 young (57344K), 2 survivors (8192K)
 Metaspace       used 78900K, committed 81088K, reserved 1179648K
  class space    used 10994K, committed 12160K, reserved 1048576K
}
Event: 52.137 GC heap after
{Heap after GC invocations=25 (full 0):
 garbage-first heap   total 155648K, used 79744K [0x0000000600000000, 0x0000000800000000)
  region size 4096K, 2 young (8192K), 2 survivors (8192K)
 Metaspace       used 78900K, committed 81088K, reserved 1179648K
  class space    used 10994K, committed 12160K, reserved 1048576K
}
Event: 65.090 GC heap before
{Heap before GC invocations=25 (full 0):
 garbage-first heap   total 155648K, used 124800K [0x0000000600000000, 0x0000000800000000)
  region size 4096K, 13 young (53248K), 2 survivors (8192K)
 Metaspace       used 81719K, committed 84032K, reserved 1179648K
  class space    used 11436K, committed 12672K, reserved 1048576K
}
Event: 65.106 GC heap after
{Heap after GC invocations=26 (full 0):
 garbage-first heap   total 155648K, used 83426K [0x0000000600000000, 0x0000000800000000)
  region size 4096K, 1 young (4096K), 1 survivors (4096K)
 Metaspace       used 81719K, committed 84032K, reserved 1179648K
  class space    used 11436K, committed 12672K, reserved 1048576K
}
Event: 65.792 GC heap before
{Heap before GC invocations=27 (full 0):
 garbage-first heap   total 155648K, used 124386K [0x0000000600000000, 0x0000000800000000)
  region size 4096K, 11 young (45056K), 1 survivors (4096K)
 Metaspace       used 81868K, committed 84160K, reserved 1179648K
  class space    used 11436K, committed 12672K, reserved 1048576K
}
Event: 65.799 GC heap after
{Heap after GC invocations=28 (full 0):
 garbage-first heap   total 155648K, used 84557K [0x0000000600000000, 0x0000000800000000)
  region size 4096K, 2 young (8192K), 2 survivors (8192K)
 Metaspace       used 81868K, committed 84160K, reserved 1179648K
  class space    used 11436K, committed 12672K, reserved 1048576K
}
Event: 79.554 GC heap before
{Heap before GC invocations=28 (full 0):
 garbage-first heap   total 155648K, used 117325K [0x0000000600000000, 0x0000000800000000)
  region size 4096K, 11 young (45056K), 2 survivors (8192K)
 Metaspace       used 82342K, committed 84736K, reserved 1179648K
  class space    used 11459K, committed 12736K, reserved 1048576K
}
Event: 79.563 GC heap after
{Heap after GC invocations=29 (full 0):
 garbage-first heap   total 155648K, used 85091K [0x0000000600000000, 0x0000000800000000)
  region size 4096K, 1 young (4096K), 1 survivors (4096K)
 Metaspace       used 82342K, committed 84736K, reserved 1179648K
  class space    used 11459K, committed 12736K, reserved 1048576K
}
Event: 80.262 GC heap before
{Heap before GC invocations=30 (full 0):
 garbage-first heap   total 159744K, used 126051K [0x0000000600000000, 0x0000000800000000)
  region size 4096K, 11 young (45056K), 1 survivors (4096K)
 Metaspace       used 82616K, committed 84928K, reserved 1179648K
  class space    used 11462K, committed 12736K, reserved 1048576K
}
Event: 80.269 GC heap after
{Heap after GC invocations=31 (full 0):
 garbage-first heap   total 159744K, used 86498K [0x0000000600000000, 0x0000000800000000)
  region size 4096K, 2 young (8192K), 2 survivors (8192K)
 Metaspace       used 82616K, committed 84928K, reserved 1179648K
  class space    used 11462K, committed 12736K, reserved 1048576K
}

